# JRE version: Java(TM) SE Runtime Environment (7.0_79-b15) (build 1.7.0_79-b15)
# Java VM: Java HotSpot(TM) 64-Bit Server VM (24.79-b02 mixed mode linux-amd64 compressed oops)
Heap
 PSYoungGen      total 1049600K, used 911633K [0x00000007aca80000, 0x0000000800000000, 0x0000000800000000)
  eden space 998912K, 90% used [0x00000007aca80000,0x00000007e40a2928,0x00000007e9a00000)
  from space 50688K, 8% used [0x00000007e9a00000,0x00000007e9e21b00,0x00000007ecb80000)
  to   space 49664K, 0% used [0x00000007fcf80000,0x00000007fcf80000,0x0000000800000000)
 ParOldGen       total 170496K, used 115538K [0x0000000706000000, 0x0000000710680000, 0x00000007aca80000)
  object space 170496K, 67% used [0x0000000706000000,0x000000070d0d4850,0x0000000710680000)
 PSPermGen       total 23040K, used 17981K [0x0000000700e00000, 0x0000000702480000, 0x0000000706000000)
  object space 23040K, 78% used [0x0000000700e00000,0x0000000701f8f5c0,0x0000000702480000)
GC Heap History (10 events):
Event: 1.526 GC heap before
{Heap before GC invocations=8 (full 1):
 PSYoungGen      total 268800K, used 268720K [0x00000007aca80000, 0x00000007bdb00000, 0x0000000800000000)
  eden space 260096K, 100% used [0x00000007aca80000,0x00000007bc880000,0x00000007bc880000)
  from space 8704K, 99% used [0x00000007bd280000,0x00000007bdaec010,0x00000007bdb00000)
  to   space 8192K, 0% used [0x00000007bca80000,0x00000007bca80000,0x00000007bd280000)
 ParOldGen       total 170496K, used 4089K [0x0000000706000000, 0x0000000710680000, 0x00000007aca80000)
  object space 170496K, 2% used [0x0000000706000000,0x00000007063fe6c0,0x0000000710680000)
 PSPermGen       total 23040K, used 11518K [0x0000000700e00000, 0x0000000702480000, 0x0000000706000000)
  object space 23040K, 49% used [0x0000000700e00000,0x000000070193fb58,0x0000000702480000)
Event: 1.530 GC heap after
Heap after GC invocations=8 (full 1):
 PSYoungGen      total 270336K, used 8176K [0x00000007aca80000, 0x00000007cde80000, 0x0000000800000000)
  eden space 262144K, 0% used [0x00000007aca80000,0x00000007aca80000,0x00000007bca80000)
  from space 8192K, 99% used [0x00000007bca80000,0x00000007bd27c010,0x00000007bd280000)
  to   space 12288K, 0% used [0x00000007cd280000,0x00000007cd280000,0x00000007cde80000)
 ParOldGen       total 170496K, used 9961K [0x0000000706000000, 0x0000000710680000, 0x00000007aca80000)
  object space 170496K, 5% used [0x0000000706000000,0x00000007069ba4d0,0x0000000710680000)
 PSPermGen       total 23040K, used 11518K [0x0000000700e00000, 0x0000000702480000, 0x0000000706000000)
  object space 23040K, 49% used [0x0000000700e00000,0x000000070193fb58,0x0000000702480000)
}
Event: 1.769 GC heap before
{Heap before GC invocations=9 (full 1):
 PSYoungGen      total 270336K, used 270320K [0x00000007aca80000, 0x00000007cde80000, 0x0000000800000000)
  eden space 262144K, 100% used [0x00000007aca80000,0x00000007bca80000,0x00000007bca80000)
  from space 8192K, 99% used [0x00000007bca80000,0x00000007bd27c010,0x00000007bd280000)
  to   space 12288K, 0% used [0x00000007cd280000,0x00000007cd280000,0x00000007cde80000)
 ParOldGen       total 170496K, used 9961K [0x0000000706000000, 0x0000000710680000, 0x00000007aca80000)
  object space 170496K, 5% used [0x0000000706000000,0x00000007069ba4d0,0x0000000710680000)
 PSPermGen       total 23040K, used 11526K [0x0000000700e00000, 0x0000000702480000, 0x0000000706000000)
  object space 23040K, 50% used [0x0000000700e00000,0x0000000701941838,0x0000000702480000)
Event: 1.773 GC heap after
Heap after GC invocations=9 (full 1):
 PSYoungGen      total 529920K, used 12288K [0x00000007aca80000, 0x00000007ce780000, 0x0000000800000000)
  eden space 517632K, 0% used [0x00000007aca80000,0x00000007aca80000,0x00000007cc400000)
  from space 12288K, 100% used [0x00000007cd280000,0x00000007cde80000,0x00000007cde80000)
  to   space 14848K, 0% used [0x00000007cc400000,0x00000007cc400000,0x00000007cd280000)
 ParOldGen       total 170496K, used 11105K [0x0000000706000000, 0x0000000710680000, 0x00000007aca80000)
  object space 170496K, 6% used [0x0000000706000000,0x0000000706ad84d0,0x0000000710680000)
 PSPermGen       total 23040K, used 11526K [0x0000000700e00000, 0x0000000702480000, 0x0000000706000000)
  object space 23040K, 50% used [0x0000000700e00000,0x0000000701941838,0x0000000702480000)
}
Event: 4.450 GC heap before
{Heap before GC invocations=10 (full 1):
 PSYoungGen      total 529920K, used 529920K [0x00000007aca80000, 0x00000007ce780000, 0x0000000800000000)
  eden space 517632K, 100% used [0x00000007aca80000,0x00000007cc400000,0x00000007cc400000)
  from space 12288K, 100% used [0x00000007cd280000,0x00000007cde80000,0x00000007cde80000)
  to   space 14848K, 0% used [0x00000007cc400000,0x00000007cc400000,0x00000007cd280000)
 ParOldGen       total 170496K, used 11105K [0x0000000706000000, 0x0000000710680000, 0x00000007aca80000)
  object space 170496K, 6% used [0x0000000706000000,0x0000000706ad84d0,0x0000000710680000)
 PSPermGen       total 23040K, used 15525K [0x0000000700e00000, 0x0000000702480000, 0x0000000706000000)
  object space 23040K, 67% used [0x0000000700e00000,0x0000000701d294b0,0x0000000702480000)
Event: 4.551 GC heap after
Heap after GC invocations=10 (full 1):
 PSYoungGen      total 532480K, used 14840K [0x00000007aca80000, 0x00000007f2580000, 0x0000000800000000)
  eden space 517632K, 0% used [0x00000007aca80000,0x00000007aca80000,0x00000007cc400000)
  from space 14848K, 99% used [0x00000007cc400000,0x00000007cd27e238,0x00000007cd280000)
  to   space 53248K, 0% used [0x00000007ef180000,0x00000007ef180000,0x00000007f2580000)
 ParOldGen       total 170496K, used 100679K [0x0000000706000000, 0x0000000710680000, 0x00000007aca80000)
  object space 170496K, 59% used [0x0000000706000000,0x000000070c251de0,0x0000000710680000)
 PSPermGen       total 23040K, used 15525K [0x0000000700e00000, 0x0000000702480000, 0x0000000706000000)
  object space 23040K, 67% used [0x0000000700e00000,0x0000000701d294b0,0x0000000702480000)
}
Event: 7336.259 GC heap before
{Heap before GC invocations=11 (full 1):
 PSYoungGen      total 532480K, used 532472K [0x00000007aca80000, 0x00000007f2580000, 0x0000000800000000)
  eden space 517632K, 100% used [0x00000007aca80000,0x00000007cc400000,0x00000007cc400000)
  from space 14848K, 99% used [0x00000007cc400000,0x00000007cd27e238,0x00000007cd280000)
  to   space 53248K, 0% used [0x00000007ef180000,0x00000007ef180000,0x00000007f2580000)
 ParOldGen       total 170496K, used 100679K [0x0000000706000000, 0x0000000710680000, 0x00000007aca80000)
  object space 170496K, 59% used [0x0000000706000000,0x000000070c251de0,0x0000000710680000)
 PSPermGen       total 23040K, used 17260K [0x0000000700e00000, 0x0000000702480000, 0x0000000706000000)
  object space 23040K, 74% used [0x0000000700e00000,0x0000000701edb200,0x0000000702480000)
Event: 7336.300 GC heap after
Heap after GC invocations=11 (full 1):
 PSYoungGen      total 840192K, used 11760K [0x00000007aca80000, 0x00000007efd00000, 0x0000000800000000)
  eden space 828416K, 0% used [0x00000007aca80000,0x00000007aca80000,0x00000007df380000)
  from space 11776K, 99% used [0x00000007ef180000,0x00000007efcfc230,0x00000007efd00000)
  to   space 50688K, 0% used [0x00000007e9a00000,0x00000007e9a00000,0x00000007ecb80000)
 ParOldGen       total 170496K, used 106575K [0x0000000706000000, 0x0000000710680000, 0x00000007aca80000)
  object space 170496K, 62% used [0x0000000706000000,0x000000070c813de0,0x0000000710680000)
 PSPermGen       total 23040K, used 17260K [0x0000000700e00000, 0x0000000702480000, 0x0000000706000000)
  object space 23040K, 74% used [0x0000000700e00000,0x0000000701edb200,0x0000000702480000)
}
Event: 36313.077 GC heap before
{Heap before GC invocations=12 (full 1):
 PSYoungGen      total 840192K, used 840176K [0x00000007aca80000, 0x00000007efd00000, 0x0000000800000000)
  eden space 828416K, 100% used [0x00000007aca80000,0x00000007df380000,0x00000007df380000)
  from space 11776K, 99% used [0x00000007ef180000,0x00000007efcfc230,0x00000007efd00000)
  to   space 50688K, 0% used [0x00000007e9a00000,0x00000007e9a00000,0x00000007ecb80000)
 ParOldGen       total 170496K, used 106575K [0x0000000706000000, 0x0000000710680000, 0x00000007aca80000)
  object space 170496K, 62% used [0x0000000706000000,0x000000070c813de0,0x0000000710680000)
 PSPermGen       total 23040K, used 17401K [0x0000000700e00000, 0x0000000702480000, 0x0000000706000000)
  object space 23040K, 75% used [0x0000000700e00000,0x0000000701efe4e0,0x0000000702480000)
Event: 36313.116 GC heap after
Heap after GC invocations=12 (full 1):
 PSYoungGen      total 1049600K, used 4230K [0x00000007aca80000, 0x0000000800000000, 0x0000000800000000)
  eden space 998912K, 0% used [0x00000007aca80000,0x00000007aca80000,0x00000007e9a00000)
  from space 50688K, 8% used [0x00000007e9a00000,0x00000007e9e21b00,0x00000007ecb80000)
  to   space 49664K, 0% used [0x00000007fcf80000,0x00000007fcf80000,0x0000000800000000)
 ParOldGen       total 170496K, used 115538K [0x0000000706000000, 0x0000000710680000, 0x00000007aca80000)
  object space 170496K, 67% used [0x0000000706000000,0x000000070d0d4850,0x0000000710680000)
 PSPermGen       total 23040K, used 17401K [0x0000000700e00000, 0x0000000702480000, 0x0000000706000000)
  object space 23040K, 75% used [0x0000000700e00000,0x0000000701efe4e0,0x0000000702480000)
}

